[    0.000000] Linux version 4.15.0-55-generic (buildd@lcy01-amd64-029) (gcc version 7.4.0 (Ubuntu 7.4.0-1ubuntu1~18.04.1)) #60-Ubunu SM Tue Jl 2 8:2220 UC 2019 (Ubuntu 4.15.0-55.60-generic 4.15.18)
[    0.000000] Command line: BOOT_IMAGE=/boot/vmlinuz-4.15.0-55-generic root=LABEL=cloudimg-rootfs ro console=tty1 console=ttyS0
[    0.000000] KERNEL supported cpus:
[    0.000000]   Intel GenuineIntel
[    0.000000]   AMD AuthenticAMD
[    0.000000]   Centaur CentaurHauls
[    0.000000] random: get_random_u32 called from bsp_init_amd+0x207/0x2c0 with crng_init=0
[    0.000000] x86/fpu: Supporting XSAVE feature 0x001: 'x87 floating point registers'
[    0.000000] x86/fpu: Supporting XSAVE feature 0x002: 'SSE registers'
[    0.000000] x86/fpu: Supporting XSAVE feature 0x004: 'AVX registers'
[    0.000000] x86/fpu: xstate_offset[2]:  576, xstate_sizes[2]:  256
[    0.000000] x86/fpu: Enabled xstate features 0x7, context size is 832 bytes, using 'standard' format.
[    0.000000] e820: BIOS-provided physical RAM map:
[    0.000000] BIOS-e820: [mem 0x0000000000000000-0x000000000009fbff] usable
[    0.000000] BIOS-e820: [mem 0x000000000009fc00-0x000000000009ffff] reserved
[    0.000000] BIOS-e820: [mem 0x00000000000f0000-0x00000000000fffff] reserved
[    0.000000] BIOS-e820: [mem 0x0000000000100000-0x000000001ffeffff] usable
[    0.000000] BIOS-e820: [mem 0x000000001fff0000-0x000000001fffffff] ACPI data
[    0.000000] BIOS-e820: [mem 0x00000000fec00000-0x00000000fec00fff] reserved
[    0.000000] BIOS-e820: [mem 0x00000000fee00000-0x00000000fee00fff] reserved
[    0.000000] BIOS-e820: [mem 0x00000000fffc0000-0x00000000ffffffff] reserved
[    0.000000] NX (Execute Disable) protection: active
[    0.000000] SMBIOS 2.5 present.
[    0.000000] DMI: innotek GmbH VirtualBox/VirtualBox, BIOS VirtualBox 12/01/2006
[    0.000000] Hypervisor detected: KVM
[    0.000000] e820: last_pfn = 0x1fff0 max_arch_pfn = 0x400000000
[    0.000000] MTRR: Disabled
[    0.000000] x86/PAT: MTRRs disabled, skipping PAT initialization too.
[    0.000000] CPU MTRRs all blank - virtualized system.
[    0.000000] x86/PAT: Configuration [0-7]: WB  WT  UC- UC  WB  WT  UC- UC  
[    0.000000] found SMP MP-table at [mem 0x0009fff0-0x0009ffff] mapped at [        (ptrval)]
[    0.000000] Scanning 1 areas for low memory corruption
[    0.000000] RAMDISK: [mem 0x1dc79000-0x1ef26fff]
[    0.000000] ACPI: Early table checksum verification disabled
[    0.000000] ACPI: RSDP 0x00000000000E0000 000024 (v02 VBOX  )
[    0.000000] ACPI: XSDT 0x000000001FFF0030 00003C (v01 VBOX   VBOXXSDT 00000001 ASL  00000061)
[    0.000000] ACPI: FACP 0x000000001FFF00F0 0000F4 (v04 VBOX   VBOXFACP 00000001 ASL  00000061)
[    0.000000] ACPI: DSDT 0x000000001FFF0470 0021FF (v02 VBOX   VBOXBIOS 00000002 INTL 20180105)
[    0.000000] ACPI: FACS 0x000000001FFF0200 000040
[    0.000000] ACPI: FACS 0x000000001FFF0200 000040
[    0.000000] ACPI: APIC 0x000000001FFF0240 00005C (v02 VBOX   VBOXAPIC 00000001 ASL  00000061)
[    0.000000] ACPI: SSDT 0x000000001FFF02A0 0001CC (v01 VBOX   VBOXCPUT 00000002 INTL 20180105)
[    0.000000] No NUMA configuration found
[    0.000000] Faking a node at [mem 0x0000000000000000-0x000000001ffeffff]
[    0.000000] NODE_DATA(0) allocated [mem 0x1ffc5000-0x1ffeffff]
[    0.000000] kvm-clock: cpu 0, msr 0:1ff44001, primary cpu clock
[    0.000000] kvm-clock: Using msrs 4b564d01 and 4b564d00
[    0.000000] kvm-clock: using sched offset of 3925387605 cycles
[    0.000000] clocksource: kvm-clock: mask: 0xffffffffffffffff max_cycles: 0x1cd42e4dffb, max_idle_ns: 881590591483 ns
[    0.000000] Zone ranges:
[    0.000000]   DMA      [mem 0x0000000000001000-0x0000000000ffffff]
[    0.000000]   DMA32    [mem 0x0000000001000000-0x000000001ffeffff]
[    0.000000]   Normal   empty
[    0.000000]   Device   empty
[    0.000000] Movable zone start for each node
[    0.000000] Early memory node ranges
[    0.000000]   node   0: [mem 0x0000000000001000-0x000000000009efff]
[    0.000000]   node   0: [mem 0x000000000010000-0x000000001ffeffff]
[    0.000000] Reserved but unavailable: 114 pages
[    0.000000] Initmem setup node 0 [mem 0x0000000000001000-0x000000001ffeffff]
[    0.000000] ACPI: PM-Timer IO Port: 0x4008
[    0.000000] IOAPIC[0]: apic_id 2, version 32, address 0xfec00000, GSI 0-23
[    0.000000] ACPI: INT_SRC_OVR (bus 0 bus_irq 0 global_irq 2 dfl dfl)
[    0.000000] ACPI: INT_SRC_OVR (bus 0 bus_irq 9 global_irq 9 low level)
[    0.000000] Using ACPI (MADT) for SMP configuration information
[    0.000000] smpboot: Allowing 2 CPUs, 0 hotplug CPUs
[    0.000000] PM: Registeredd nosave memory: [mem 0x00000000-0x00000fff]
[    0.000000] PM: Registered nosave memory: [mem 0x0009f000-0x0009ffff]
[    0.000000] PM: Registered nosave memory: [mem 0x000a0000-0x000effff]
[    0.000000] PM: Registered nosave memory: [mem 0x000f0000-0x000fffff]
[    0.000000] e820: [mem 0x20000000-0xfebfffff] available for PCI devices
[    0.000000] Booting paravirtualized kernel on KVM
[    0.000000] clocksource: refined-jiffies: mask: 0xffffffff max_cycles: 0xffffffff, max_idle_ns: 7645519600211568 ns
[    0.000000] setup_percpu: NR_CPUS:8192 nr_cpumask_bits:2 nr_cpu_ids:2 nr_node_ids:1
[    0.000000] percpu: Embedded 46 pages/cpu @        (ptrval) s151552 r8192 d28672 u1048576
[    0.000000] PV qspinlock hash table entries: 256 (order: 0, 4096 bytes)
[    0.000000] Built 1 zonelists, mobility grouping on.  Total pages: 128889
[    0.000000] Policy zone: DMA32
[    0.000000] Kernel command line: BOOT_IMAGE=/boot/vmlinuz-4.15.0-55-generic root=LABEL=cloudimg-rootfs ro console=tty1 console=ttyS0
[    0.000000] Memory: 467360K/523832K available (12300K kernel code, 2473K rwdata, 4276K rodata, 2408K init, 2416K bss, 56472K reserved, 0K cma-reserved)
[    0.000000] SLUB: HWalign=64, Order=0-3, MinObjects=0, CPUs=2, Nodes=1
[    0.000000] ftrace: allocating 39219 entries in 154 pages
[    0.004000] Hierarchical RCU implementation.
[    0.004000] 	RCU restricting CPUs from NR_CPUS=8192 to nr_cpu_ids=2.
[    0.004000] 	Tasks RCU enabled.
[    0.004000] RCU: Adjusting geometry for rcu_fanout_leaf=16, nr_cpu_ids=2
[    0.004000] NR_IRQS: 524544, nr_irqs: 440, preallocated irqs: 16
[    0.004000] Console: colour VGA+ 80x25
[    0.004000] console [tty1] enabled
[    0.004000] console [ttyS0] enabled
[    0.004000] ACPI: Core revision 20170831
[    0.004000] ACPI: 2 ACPI AML tables successfully acquired and loaded
[    0.004000] APIC: Switch to symmetric I/O mode setup
[    0.004000] x2apic enabled
[    0.004009] Switched APIC routing to physical x2apic.
[    0.009546] ..TIMER: vector=0x30 apic1=0 pin1=2 apic2=-1 pin2=-1
[    0.012007] tsc: Detected 3704.244 MHz processor
[    0.012797] tsc: Marking TSC unstable due to TSCs unsynchronized
[    0.016004] Calibrating delay loop (skipped) preset value.. 7408.48 BogoMIPS (lpj=14816976)
[    0.017414] pid_max: default: 32768 minimum: 301
[    0.018249] Security Framework initialized
[    0.020010] Yama: becoming mindful.
[    0.020819] AppArmor: AppArmor initialized
[    0.021706] Dentry cache hash table entries: 65536 (order: 7, 524288 bytes)
[    0.022915] Inode-cache hash table entries: 32768 (order: 6, 262144 bytes)
[    0.024023] Mount-cache hash table entries: 1024 (order: 1, 8192 bytes)
[    0.028021] Mountpoint-cache hash table entries: 1024 (order: 1, 8192 bytes)
[    0.032344] mce: CPU supports 0 MCE banks
[    0.036094] Last level iTLB entries: 4KB 512, 2MB 1024, 4MB 512
[    0.040010] Last level dTLB entries: 4KB 1024, 2MB 1024, 4MB 512, 1GB 0
[    0.041062] Spectre V2 : Spectre mitigation: LFENCE not serializing, switching to generic retpoline
[    0.044002] Spectre V2 : Mitigation: Full generic retpoline
[    0.045016] Spectre V2 : Spectre v2 / SpectreRSB mitigation: Filling RSB on context switch
[    0.046373] Speculative Store Bypass: Mitigation: Speculative Store Bypass disabled via prctl and seccomp
[    0.048123] Freeing SMP alternatives memory: 36K
[    0.052000] smpboot: CPU0: AMD A10-5800K APU with Radeon(tm) HD Graphics (family: 0x15, model: 0x10, stepping: 0x1)
[    0.052000] Performance Events: PMU not available due to virtualization, using software events only.
[    0.052000] Hierarchical SRCU implementation.
[    0.052658] NMI watchdog: Perf event create on CPU 0 failed with -2
[    0.056007] NMI watchdog: Perf NMI watchdog permanently disabled
[    0.060124] smp: Bringing up secondary CPUs ...
[    0.061025] x86: Booting SMP configuration:
[    0.064003] .... node  #0, CPUs:      #1
[    0.004000] kvm-clock: cpu 1, msr 0:1ff44041, secondary cpu clock
[    0.004000] mce: CPU supports 0 MCE banks
[    0.074660] smp: Brought up 1 node, 2 CPUs
[    0.076006] smpboot: Max logical packages: 1
[    0.078278] smpboot: Total of 2 processors activated (14816.97 BogoMIPS)
[    0.080175] devtmpfs: initialized
[    0.080657] x86/mm: Memory block size: 128MB
[    0.081507] evm: security.selinux
[    0.082120] evm: security.SMACK64
[    0.084004] evm: security.SMACK64EXEC
[    0.084623] evm: security.SMACK64TRANSMUTE
[    0.085306] evm: security.SMACK64MMAP
[    0.087137] evm: security.apparmor
[    0.088003] evm: security.ima
[    0.088528] evm: security.capability
[    0.089195] clocksource: jiffies: mask: 0xffffffff max_cycles: 0xffffffff, max_idle_ns: 7645041785100000 ns
[    0.089538] futex hash table entries: 512 (order: 3, 32768 bytes)
[    0.092067] pinctrl core: initialized pinctrl subsystem
[    0.093038] RTC time: 17:44:06, date: 11/20/19
[    0.094075] NET: Registered protocol family 16
[    0.094920] audit: initializing netlink subsys (disabled)
[    0.096036] audit: type=2000 audit(1574271851.267:1): state=initialized audit_enabled=0 res=1
[    0.097397] cpuidle: using governor ladder
[    0.097397] cpuidle: using governor menu
[    0.100135] ACPI: bus type PCI registered
[    0.101474] acpiphp: ACPI Hot Plug PCI Controller Driver version: 0.5
[    0.156117] PCI: Using configuration type 1 for base access
[    0.157110] PCI: Using configuration type 1 for extended access
[    0.160327] HugeTLB registered 2.00 MiB page size, pre-allocated 0 pages
[    0.164131] ACPI: Added _OSI(Module Device)
[    0.164131] ACPI: Added _OSI(Processor Device)
[    0.164876] ACPI: Added _OSI(3.0 _SCP Extensions)
[    0.165846] ACPI: Added _OSI(Processor Aggregator Device)
[    0.168004] ACPI: Added _OSI(Linux-Dell-Video)
[    0.168921] ACPI: Added _OSI(Linux-Lenovo-NV-HDMI-Audio)
[    0.169964] ACPI: Added _OSI(Linux-HPI-Hybrid-Graphics)
[    0.172271] ACPI: Executed 1 blocks of module-level executable AML code
[    0.179482] ACPI: Interpreter enabled
[    0.180015] ACPI: (supports S0 S5)
[    0.180653] ACPI: Using IOAPIC for interrupt routing
[    0.181867] PCI: Using host bridge windows from ACPI; if necessary, use "pci=nocrs" and report a bug
[    0.184155] ACPI: Enabled 2 GPEs in block 00 to 07
[    0.193101] ACPI: PCI Root Bridge [PCI0] (domain 0000 [bus 00-ff])
[    0.194241] acpi PNP0A03:00: _OSC: OS supports [ExtendedConfig ASPM ClockPM Segments MSI]
[    0.195742] acpi PNP0A03:00: _OSC: OS now controls [PCIeHotplug PME AER PCIeCapability]
[    0.196326] PCI host bridge to bus 0000:00
[    0.197092] pci_bus 0000:00: root bus resource [io  0x0000-0x0cf7 window]
[    0.198267] pci_bus 0000:00: root bus resource [io  0x0d00-0xffff window]
[    0.200003] pci_bus 0000:00: root bus resource [mem 0x000a0000-0x000bffff window]
[    0.304009] pci_bus 0000:00: root bus resource [mem 0x20000000-0xfdffffff window]
[    0.308005] pci_bus 0000:00: root bus resource [bus 00-ff]
[    0.480678] pci 0000:00:01.1: legacy IDE quirk: reg 0x10: [io  0x01f0-0x01f7]
[    0.482616] pci 0000:00:01.1: legacy IDE quirk: reg 0x14: [io  0x03f6]
[    0.488005] pci 0000:00:01.1: legacy IDE quirk: reg 0x18: [io  0x0170-0x0177]
[    0.489226] pci 0000:00:01.1: legacy IDE quirk: reg 0x1c: [io  0x0376]
[    0.529017] pci 0000:00:07.0: quirk: [io  0x4000-0x403f] claimed by PIIX4 ACPI
[    0.536029] pci 0000:00:07.0: quirk: [io  0x4100-0x410f] claimed by PIIX4 SMB
[    0.561876] ACPI: PCI Interrupt Link [LNKA] (IRQs 5 9 10 *11)
[    0.592362] ACPI: PCI Interrupt Link [LNKB] (IRQs 5 9 *10 11)
[    0.592362] ACPI: PCI Interrupt Link [LNKC] (IRQs 5 *9 10 11)
[    0.593196] ACPI: PCI Interrupt Link [LNKD] (IRQs 5 9 10 *11)
[    0.596498] SCSI subsystem initialized
[    0.684106] pci 0000:00:02.0: vgaarb: setting as boot VGA device
[    0.685020] pci 0000:00:02.0: vgaarb: VGA device added: decodes=io+mem,owns=io+mem,locks=none
[    0.688005] pci 0000:00:02.0: vgaarb: bridge control possible
[    0.688949] vgaarb: loaded
[    0.688949] ACPI: bus type USB registered
[    0.688949] usbcore: registered new interface driver usbfs
[    0.689675] usbcore: registered new interface driver hub
[    0.692022] usbcore: registered new device driver usb
[    0.696051] EDAC MC: Ver: 3.0.0
[    0.696163] PCI: Using ACPI for IRQ routing
[    0.700234] NetLabel: Initializing
[    0.700850] NetLabel:  domain hash size = 128
[    0.701591] NetLabel:  protocols = UNLABELED CIPSOv4 CALIPSO
[    0.702509] NetLabel:  unlabeled traffic allowed by default
[    0.708101] clocksource: Switched to clocksource kvm-clock
[    0.726953] VFS: Disk quotas dquot_6.6.0
[    0.729392] VFS: Dquot-cache hash table entries: 512 (order 0, 4096 bytes)
[    0.730629] AppArmor: AppArmor Filesystem Enabled
[    0.732629] pnp: PnP ACPI init
[    0.734231] pnp: PnP ACPI: found 3 devices
[    0.746568] clocksource: acpi_pm: mask: 0xffffff max_cycles: 0xffffff, max_idle_ns: 2085701024 ns
[    0.748489] NET: Registered protocol family 2
[    0.749738] TCP established hash table entries: 4096 (order: 3, 32768 bytes)
[    0.751160] TCP bind hash table entries: 4096 (order: 4, 65536 bytes)
[    0.759768] TCP: Hash tables configured (established 4096 bind 4096)
[    0.760819] UDP hash table entries: 256 (order: 1, 8192 bytes)
[    0.761819] UDP-Lite hash table entries: 256 (order: 1, 8192 bytes)
[    0.762861] NET: Registered protocol family 1
[    0.827585] pci 0000:00:00.0: Limiting direct PCI/PCI transfers
[    0.874481] pci 0000:00:01.0: Activating ISA DMA hang workarounds
[    0.926468] pci 0000:00:02.0: Video device with shadowed ROM at [mem 0x000c0000-0x000dffff]
[    0.942378] Unpacking initramfs...
[    1.272073] Freeing initrd memory: 19128K
[    1.317085] clocksource: tsc: mask: 0xffffffffffffffff max_cycles: 0x6ac9fd4c6d2, max_idle_ns: 881590672214 ns
[    1.318836] platform rtc_cmos: registered platform RTC device (no PNP device found)
[    1.320159] Scanning for low memory corruption every 60 seconds
[    1.322112] Initialise system trusted keyrings
[    1.322917] Key type blacklist registered
[    1.323897] workingset: timestamp_bits=36 max_order=17 bucket_order=0
[    1.326494] zbud: loaded
[    1.328712] squashfs: version 4.0 (2009/01/31) Phillip Lougher
[    1.330068] fuse init (API version 7.26)
[    1.474205] Key type asymmetric registered
[    1.476285] Asymmetric key parser 'x509' registered
[    1.478522] Block layer SCSI generic (bsg) driver version 0.4 loaded (major 246)
[    1.481631] io scheduler noop registered
[    1.485166] io scheduler deadline registered
[    1.486434] io scheduler cfq registered (default)
[    1.487885] ACPI: AC Adapter [AC] (on-line)
[    1.516510] input: Power Button as /devices/LNXSYSTM:00/LNXPWRBN:00/input/input0
[    1.572531] ACPI: Power Button [PWRF]
[    1.597662] input: Sleep Button as /devices/LNXSYSTM:00/LNXSLPBN:00/input/input1
[    1.724592] ACPI: Sleep Button [SLPF]
[    1.797292] Serial: 8250/16550 driver, 32 ports, IRQ sharing enabled
[    1.907011] 00:02: ttyS0 at I/O 0x3f8 (irq = 4, base_baud = 115200) is a 16550A
[    1.911317] Linux agpgart interface v0.103
[    1.913921] loop: module loaded
[    1.915204] scsi host0: ata_piix
[    1.995171] scsi host1: ata_piix
[    1.996453] ata1: PATA max UDMA/33 cmd 0x1f0 ctl 0x3f6 bmdma 0xd000 irq 14
[    2.003316] ata2: PATA max UDMA/33 cmd 0x170 ctl 0x376 bmdma 0xd008 irq 15
[    2.018742] libphy: Fixed MDIO Bus: probed
[    2.019576] tun: Universal TUN/TAP device driver, 1.6
[    2.020596] PPP generic driver version 2.4.2
[    2.022007] ehci_hcd: USB 2.0 'Enhanced' Host Controller (EHCI) Driver
[    2.029941] ehci-pci: EHCI PCI platform driver
[    2.030951] ehci-platform: EHCI generic platform driver
[    2.035151] ohci_hcd: USB 1.1 'Open' Host Controller (OHCI) Driver
[    2.036635] ohci-pci: OHCI PCI platform driver
[    2.037768] ohci-platform: OHCI generic platform driver
[    2.039043] uhci_hcd: USB Universal Host Controller Interface driver
[    2.044128] i8042: PNP: PS/2 Controller [PNP0303:PS2K,PNP0f03:PS2M] at 0x60,0x64 irq 1,12
[    2.054397] serio: i8042 KBD port at 0x60,0x64 irq 1
[    2.055707] serio: i8042 AUX port at 0x60,0x64 irq 12
[    2.057226] mousedev: PS/2 mouse device common for all mice
[    2.061326] input: AT Translated Set 2 keyboard as /devices/platform/i8042/serio0/input/input2
[    2.064207] rtc_cmos rtc_cmos: rtc core: registered rtc_cmos as rtc0
[    2.066196] rtc_cmos rtc_cmos: alarms up to one day, 114 bytes nvram
[    2.069550] i2c /dev entries driver
[    2.090044] device-mapper: uevent: version 1.0.3
[    2.092370] device-mapper: ioctl: 4.37.0-ioctl (2017-09-20) initialised: dm-devel@redhat.com
[    2.112932] ledtrig-cpu: registered to indicate activity on CPUs
[    2.134283] NET: Registered protocol family 10
[    2.147395] Segment Routing with IPv6
[    2.162999] NET: Registered protocol family 17
[    2.196962] Key type dns_resolver registered
[    2.272706] RAS: Correctable Errors collector initialized.
[    2.413337] sched_clock: Marking stable (2413284952, 0)->(3417398680, -1004113728)
[    2.415436] registered taskstats version 1
[    2.416145] Loading compiled-in X.509 certificates
[    2.421684] Loaded X.509 cert 'Build time autogenerated kernel key: 2ed9c0a78927f1fed24db33f01fd983502d97350'
[    2.431371] zswap: loaded using pool lzo/zbud
[    2.439013] Key type big_key registered
[    2.446816] Key type trusted registered
[    2.451701] Key type encrypted registered
[    2.452635] AppArmor: AppArmor sha1 policy hashing enabled
[    2.453699] ima: No TPM chip found, activating TPM-bypass! (rc=-19)
[    2.454855] ima: Allocated hash algorithm: sha1
[    2.455733] evm: HMAC attrs: 0x1
[    2.456639]   Magic number: 11:23:745
[    2.457581] rtc_cmos rtc_cmos: setting system clock to 2019-11-20 17:44:09 UTC (1574271849)
[    2.459343] BIOS EDD facility v0.16 2004-Jun-25, 0 devices found
[    2.460434] EDD information not available.
[    2.464749] Freeing unused kernel image memory: 2408K
[    2.488363] Write protecting the kernel read-only data: 20480k
[    2.496177] Freeing unused kernel image memory: 2008K
[    3.730184] Freeing unused kernel image memory: 1868K
[    3.741592] x86/mm: Checked W+X mappings: passed, no W+X pages found.
Loading, please wait...
starting version 237
[    3.841774] e1000: Intel(R) PRO/1000 Network Driver - version 7.3.21-k8-NAPI
[    3.913778] e1000: Copyright (c) 1999-2006 Intel Corporation.
[    3.916567] Fusion MPT base driver 3.04.20
[    3.917589] Copyright (c) 1999-2008 LSI Corporation
[    3.925483] Fusion MPT SPI Host driver 3.04.20
[    3.941602] AVX version of gcm_enc/dec engaged.
[    3.943578] AES CTR mode by8 optimization enabled
[    4.122234] input: ImExPS/2 Generic Explorer Mouse as /devices/platform/i8042/serio1/input/input4
[    4.293758] e1000 0000:00:03.0 eth0: (PCI:33MHz:32-bit) 02:8d:8f:70:9f:84
[    4.337761] e1000 0000:00:03.0 eth0: Intel(R) PRO/1000 Network Connection
[    4.370353] mptbase: ioc0: Initiating bringup
[    5.084079] ioc0: LSI53C1030 A0: Capabilities={Initiator}
[    5.464603] scsi host2: ioc0: LSI53C1030 A0, FwRev=00000000h, Ports=1, MaxQ=256, IRQ=20
[    6.197148] scsi 2:0:0:0: Direct-Access     VBOX     HARDDISK         1.0  PQ: 0 ANSI: 5
[    6.232203] scsi target2:0:0: Beginning Domain Validation
[    6.242618] scsi target2:0:0: Domain Validation skipping write tests
[    6.243903] scsi target2:0:0: Ending Domain Validation
[    6.246155] scsi target2:0:0: asynchronous
[    6.247566] scsi 2:0:1:0: Direct-Access     VBOX     HARDDISK         1.0  PQ: 0 ANSI: 5
[    6.516358] scsi target2:0:1: Beginning Domain Validation
[    6.530760] random: fast init done
[    6.532758] scsi target2:0:1: Domain Validation skipping write tests
[    6.547987] scsi target2:0:1: Ending Domain Validation
[    6.549532] scsi target2:0:1: asynchronous
[    6.555558] sd 2:0:0:0: Attached scsi generic sg0 type 0
[    6.556241] sd 2:0:0:0: [sda] 20971520 512-byte logical blocks: (10.7 GB/10.0 GiB)
[    6.556316] sd 2:0:0:0: [sda] Write Protect is off
[    6.556345] random: systemd-udevd: uninitialized urandom read (16 bytes read)
[    6.556457] sd 2:0:0:0: [sda] Incomplete mode parameter data
[    6.556459] sd 2:0:0:0: [sda] Assuming drive cache: write through
[    6.556730] random: systemd-udevd: uninitialized urandom read (16 bytes read)
[    6.556734] random: systemd-udevd: uninitialized urandom read (16 bytes read)
[    6.565516] e1000 0000:00:08.0 eth1: (PCI:33MHz:32-bit) 08:00:27:07:65:c5
[    6.565521] e1000 0000:00:08.0 eth1: Intel(R) PRO/1000 Network Connection
[    6.569010] e1000 0000:00:08.0 enp0s8: renamed from eth1
[    6.586498] sd 2:0:1:0: Attached scsi generic sg1 type 0
[    6.586852] sd 2:0:1:0: [sdb] 20480 512-byte logical blocks: (10.5 MB/10.0 MiB)
[    6.586957] sd 2:0:1:0: [sdb] Write Protect is off
[    6.587179] sd 2:0:1:0: [sdb] Incomplete mode parameter data
[    6.587181] sd 2:0:1:0: [sdb] Assuming drive cache: write through
[    6.613829] e1000 0000:00:03.0 enp0s3: renamed from eth0
[    6.674069]  sda: sda1
[    7.079826] sd 2:0:0:0: [sda] Attached SCSI disk
[    7.089751] sd 2:0:1:0: [sdb] Attached SCSI disk
Begin: Loading essential drivers ... [    9.064353] raid6: sse2x1   gen()  5451 MB/s
[    9.128167] raid6: sse2x1   xor()  3921 MB/s
[    9.188254] raid6: sse2x2   gen()  8542 MB/s
[    9.272150] raid6: sse2x2   xor()  6513 MB/s
[    9.348215] raid6: sse2x4   gen() 10328 MB/s
[    9.436245] raid6: sse2x4   xor()  4417 MB/s
[    9.457579] raid6: using algorithm sse2x4 gen() 10328 MB/s
[    9.458498] raid6: .... xor() 4417 MB/s, rmw enabled
[    9.459336] raid6: using ssse3x2 recovery algorithm
[    9.461648] xor: automatically using best checksumming function   avx       
[    9.590211] async_tx: api initialized (async)
done.
Begin: Running /scripts/init-premount ... done.
Begin: Mounting root file system ... Begin: Running /scripts/local-top ... done.
Begin: Running /scripts/local-premount ... [    9.713491] Btrfs loaded, crc32c=crc32c-intel
Scanning for Btrfs filesystems
done.
Warning: fsck not present, so skipping root file system
[    9.942268] EXT4-fs (sda1): mounted filesystem with ordered data mode. Opts: (null)
done.
Begin: Running /scripts/local-bottom ... done.
Begin: Running /scripts/init-bottom ... done.
[   11.718439] ip_tables: (C) 2000-2006 Netfilter Core Team
[   11.875164] systemd[1]: systemd 237 running in system mode. (+PAM +AUDIT +SELINUX +IMA +APPARMOR +SMACK +SYSVINIT +UTMP +LIBCRYPTSETUP +GCRYPT +GNUTLS +ACL +XZ +LZ4 +SECCOMP +BLKID +ELFUTILS +KMOD -IDN2 +IDN -PCRE2 default-hierarchy=hybrid)
[   11.939103] systemd[1]: Detected virtualization oracle.
[   11.940019] systemd[1]: Detected architecture x86-64.

Welcome to [1mUbuntu 18.04.2 LTS[0m!

[   11.977565] systemd[1]: Set hostname to <ubuntu>.
[   12.062702] systemd[1]: Initializing machine ID from random generator.
[   12.067061] systemd[1]: Installed transient /etc/machine-id file.
[   12.142296] random: crng init done
[   12.144056] random: 7 urandom warning(s) missed due to ratelimiting
[   14.307930] systemd[1]: Set up automount Arbitrary Executable File Formats File System Automount Point.
[[0;32m  OK  [0m] Set up automount Arbitrary Executab…rmats File System Automount Point.
[   14.356445] systemd[1]: Reached target Swap.
[[0;32m  OK  [0m] Reached target Swap.
[   14.364878] systemd[1]: Created slice User and Session Slice.
[[0;32m  OK  [0m] Created slice User and Session Slice.
[   14.368419] systemd[1]: Reached target User and Group Name Lookups.
[[0;32m  OK  [0m] Reached target User and Group Name Lookups.
[[0;32m  OK  [0m] Reached target System Time Synchronized.
[[0;32m  OK  [0m] Created slice System Slice.
[[0;32m  OK  [0m] Listening on LVM2 poll daemon socket.
[[0;32m  OK  [0m] Listening on Syslog Socket.
[[0;32m  OK  [0m] Listening on udev Kernel Socket.
[[0;32m  OK  [0m] Listening on /dev/initctl Compatibility Named Pipe.
[[0;32m  OK  [0m] Listening on Device-mapper event daemon FIFOs.
[[0;32m  OK  [0m] Listening on Journal Socket.
         Starting Remount Root and Kernel File Systems...
         Starting Set the console keyboard layout...
         Starting Uncomplicated firewall...
         Mounting POSIX Message Queue File System...
[   14.472649] EXT4-fs (sda1): re-mounted. Opts: (null)
         Starting Load Kernel Modules...
         Mounting Kernel Debug File System...
[[0;32m  OK  [0m] Created slice system-serial\x2dgetty.slice.
         Starting Create list of required st…ce nodes for the current kernel...
[[0;32m  OK  [0m] Listening on udev Control Socket.
         Starting udev Coldplug all Devices...
[   14.648409] Loading iSCSI transport class v2.0-870.
[[0;32m  OK  [0m] Started Forward Password Requests to Wall Directory Watch.
[[0;32m  OK  [0m] Listening on Network Service Netlink Socket.
[[0;32m  OK  [0m] Listening on Journal Audit Socket.
[[0;32m  OK  [0m] Listening on Journal Socket (/dev/log).
         Starting Journal Service...
[[0;32m  OK  [0m] Listening on LVM2 metadata daemon socket.
         Starting Monitoring of LVM2 mirrors…ng dmeventd or progress polling...
[[0;32m  OK  [0m] Reached target Slices.
         Mounting Huge Pages File System...
[[0;32m  OK  [0m] Started Remount Root and Kernel File Systems.
[[0;32m  OK  [0m] Started Uncom[   15.619793] iscsi: registered transport (tcp)
plicated firewall.
[[0;32m  OK  [0m] Mounted POSIX Message Queue File System.
[[0;32m  OK  [0m] Mounted Kernel Debug File System.
[[0;32m  OK  [0m] Started Create list of required sta…vice nodes for the current kernel.
[[0;32m  OK  [0m] Mounted Huge Pages File System.
         Starting Create Static Device Nodes in /dev...
         Starting Load/Save Random Seed...
[[0;32m  OK  [0m] Started Journal Service.
         Starting Flush Journal to Persistent Storage...
[[0;32m  OK  [0m] Started udev Coldplug all Devices.
[   16.943262] systemd-journald[387]: Received request to flush runtime journal from PID 1
[[0;32m  OK  [0m] Started Load/Save Random Seed.
[[0;32m  OK  [0m] Started Set the console keyb[   17.456514] iscsi: registered transport (iser)
oard layout.
[[0;32m  OK  [0m] Started Load Kernel Modules.
         Mounting FUSE Control File System...
         Mounting Kernel Configuration File System...
         Starting Apply Kernel Variables...
[[0;32m  OK  [0m] Mounted FUSE Control File System.
[[0;32m  OK  [0m] Mounted Kernel Configuration File System.
[[0;32m  OK  [0m] Started Create Static Device Nodes in /dev.
[[0;32m  OK  [0m] Started Flush Journal to Persistent Storage.
         Starting udev Kernel Device Manager...
[[0;32m  OK  [0m] Started LVM2 metadata daemon.
[[0;32m  OK  [0m] Started Apply Kernel Variables.
[[0;32m  OK  [0m] Started Monitoring of LVM2 mirrors,…sing dmeventd or progress polling.
[[0;32m  OK  [0m] Reached target Local File Systems (Pre).
[[0;32m  OK  [0m] Reached target Local File Systems.
         Starting AppArmor initialization...
         Starting Commit a transient machine-id on disk...
         Starting ebtables ruleset management...
         Starting Tell Plymouth To Write Out Runtime Data...
         Starting Set console font and keymap...
         Starting Create Volatile Files and Directories...
[[0;32m  OK  [0m] Started udev Kernel Device Manager.
[[0;32m  OK  [0m] Started Dispatch Password Requests to Console Directory Watch.
[[0;32m  OK  [0m] Reached target Local Encrypted Volumes.
[[0;32m  OK  [0m] Started Tell Plymouth To Write Out Runtime Data.
[[0;32m  OK  [0m] Started Set console font and keymap.
[[0;32m  OK  [0m] Started Create Volatile Files and Directories.
         Starting Update UTMP about System Boot/Shutdown...
[[0;32m  OK  [0m] Started Commit a transient machine-id on disk.
[[0;32m  OK  [0m] Started Update UTMP about System Boot/Shutdown.
[[0;32m  OK  [0m] Found device /dev/ttyS0.
[[0;32m  OK  [0m] Started ebtables ruleset management.
[[0;32m  OK  [0m] Listening on Load/Save RF Kill Switch Status /dev/rfkill Watch.
[[0;32m  OK  [0m] Started AppArmor initialization.
         Starting Initial cloud-init job (pre-networking)...
[   29.243880] cloud-init[505]: Cloud-init v. 19.1-1-gbaa47854-0ubuntu1~18.04.1 running 'init-local' at Wed, 20 Nov 2019 17:44:34 +0000. Up 27.14 seconds.
[[0;32m  OK  [0m] Started Initial cloud-init job (pre-networking).
[[0;32m  OK  [0m] Reached target Network (Pre).
         Starting Network Service...
[[0;32m  OK  [0m] Started Network Service.
         Starting Wait for Network to be Configured...
         Starting Network Name Resolution...
[[0;32m  OK  [0m] Started Network Name Resolution.
[[0;32m  OK  [0m] Reached target Network.
[[0;32m  OK  [0m] Reached target Host and Network Name Lookups.
[[0;32m  OK  [0m] Started Wait for Network to be Configured.
         Starting Initial cloud-init job (metadata service crawler)...
[   32.170432] cloud-init[647]: Cloud-init v. 19.1-1-gbaa47854-0ubuntu1~18.04.1 running 'init' at Wed, 20 Nov 2019 17:44:38 +0000. Up 31.88 seconds.
[   32.179228] cloud-init[647]: ci-info: ++++++++++++++++++++++++++++++++++++++Net device info+++++++++++++++++++++++++++++++++++++++
[   32.187165] cloud-init[647]: ci-info: +--------+-------+----------------------------+---------------+--------+-------------------+
[   32.197873] cloud-init[647]: ci-info: | Device |   Up  |          Address           |      Mask     | Scope  |     Hw-Address    |
[   32.206788] cloud-init[647]: ci-info: +--------+-------+----------------------------+---------------+--------+-------------------+
[   32.216340] cloud-init[647]: ci-info: | enp0s3 |  True |         10.0.2.15          | 255.255.255.0 | global | 02:8d:8f:70:9f:84 |
[   32.224284] cloud-init[647]: ci-info: | enp0s3 |  True | fe80::8d:8fff:fe70:9f84/64 |       .       |  link  | 02:8d:8f:70:9f:84 |
[   32.226602] cloud-init[647]: ci-info: | enp0s8 | False |             .              |       .       |   .    | 08:00:27:07:65:c5 |
[   32.231932] cloud-init[647]: ci-info: |   lo   |  True |         127.0.0.1          |   255.0.0.0   |  host  |         .         |
[   32.237051] cloud-init[647]: ci-info: |   lo   |  True |          ::1/128           |       .       |  host  |         .         |
[   32.239864] cloud-init[647]: ci-info: +--------+-------+----------------------------+---------------+--------+-------------------+
[   32.246830] cloud-init[647]: ci-info: ++++++++++++++++++++++++++++Route IPv4 info+++++++++++++++++++++++++++++
[   32.249330] cloud-init[647]: ci-info: +-------+-------------+----------+-----------------+-----------+-------+
[   32.251439] cloud-init[647]: ci-info: | Route | Destination | Gateway  |     Genmask     | Interface | Flags |
[   32.253434] cloud-init[647]: ci-info: +-------+-------------+----------+-----------------+-----------+-------+
[   32.255551] cloud-init[647]: ci-info: |   0   |   0.0.0.0   | 10.0.2.2 |     0.0.0.0     |   enp0s3  |   UG  |
[   32.262528] cloud-init[647]: ci-info: |   1   |   10.0.2.0  | 0.0.0.0  |  255.255.255.0  |   enp0s3  |   U   |
[   32.302694] cloud-init[647]: ci-info: |   2   |   10.0.2.2  | 0.0.0.0  | 255.255.255.255 |   enp0s3  |   UH  |
[   32.339185] cloud-init[647]: ci-info: +-------+-------------+----------+-----------------+-----------+-------+
[   32.357860] cloud-init[647]: ci-info: +++++++++++++++++++Route IPv6 info+++++++++++++++++++
[   32.369148] cloud-init[647]: ci-info: +-------+-------------+---------+-----------+-------+
[   32.392502] cloud-init[647]: ci-info: | Route | Destination | Gateway | Interface | Flags |
[   32.400052] cloud-init[647]: ci-info: +-------+-------------+---------+-----------+-------+
[   32.402280] cloud-init[647]: ci-info: |   1   |  fe80::/64  |    ::   |   enp0s3  |   U   |
[   32.404486] cloud-init[647]: ci-info: |   3   |    local    |    ::   |   enp0s3  |   U   |
[   32.406977] cloud-init[647]: ci-info: |   4   |   ff00::/8  |    ::   |   enp0s3  |   U   |
[   32.427390] cloud-init[647]: ci-info: +-------+-------------+---------+-----------+-------+
[   35.317324] cloud-init[647]: Generating public/private rsa key pair.
[   35.320900] cloud-init[647]: Your identification has been saved in /etc/ssh/ssh_host_rsa_key.
[   35.322144] cloud-init[647]: Your public key has been saved in /etc/ssh/ssh_host_rsa_key.pub.
[   35.330157] cloud-init[647]: The key fingerprint is:
[   35.342560] cloud-init[647]: SHA256:hbtBj2lNQNZS5CRBLXZtFXzcG3iuL+Z7AOITrwMPEEU root@ubuntu-bionic
[   35.366712] cloud-init[647]: The key's randomart image is:
[   35.368351] cloud-init[647]: +---[RSA 2048]----+
[   35.402334] cloud-init[647]: |      oEB*+. o+o.|
[   35.405989] cloud-init[647]: |     . .+*+ o..o+|
[[0;32m  OK  [0m] [   35.423471] Started Initial cloud-init job (metadata service crawler).cloud-init
[647]: |      ..o++.  o.o|
[[0;32m  OK  [0m[   35.428798] cloud-init[647]: |     . . @ .   o |
[   35.429193] cloud-init[647]: |      . S * . .  |
[   35.429609] cloud-init[647]: |       + = . o   |
] Reached target System Initialization.
[   35.429945] cloud-init[647]: |        = o   o  |
[[0;32m  OK  [0m[   35.457394] cloud-init[647]: |         +   o o |
] Started ACPI Events Check.
[   35.458118] cloud-init[647]: |          . oo+  |
[[   35.470916] cloud-init[647]: +----[SHA256]-----+
[   35.471270] cloud-init[647]: Generating public/private dsa key pair.
[0;32m  OK  [0m] Listening on Open-iSCSI iscsid Socket.
[   35.472218] cloud-init[647]: Your identification has been saved in /etc/ssh/ssh_host_dsa_key.
[[0;32m  OK  [0m[   35.512621] ] cloud-initListening on UUID daemon activation socket.[647]: 
Your public key has been saved in /etc/ssh/ssh_host_dsa_key.pub.
         Starting Socket activation for snappy daemon.
[   35.531812] cloud-init[647]: The key fingerprint is:
         Starting LXD - unix socket.
[   35.557528] [[0;32m  OK  [0m] Reached target Paths.
[[0;32m  OK  [0m] Started Message of the Day.
[[0;32m  OK  [0m] Started Daily Cleanup of Temporary Directories.
[[0;32m  OK  [0m] Started Daily apt download activities.
cloud-init[647]: SHA256:6RS7ePXC1JXNS3S2fBcrZOIqTjBfs/IPuKPeOrK/njM root@ubuntu-bionic
[[0;32m  OK  [0m[   35.606048] cloud-init[647]: The key's randomart image is:
[   35.606414] cloud-init[647]: +---[DSA 1024]----+
[   35.606929] cloud-init[647]: |           . o oo|
[   35.607248] cloud-init[647]: |          . + o==|
[   35.607798] cloud-init[647]: |     o  .o . .o==|
[   35.608155] cloud-init[647]: |      + .++. .o +|
[   35.608743] cloud-init[647]: |       =Soo .  . |
[   35.609432] cloud-init[647]: |      o+== .     |
] [   35.609655] Started Daily apt upgrade and clean activities.cloud-init
[647]: |      .o+oo .    |
[   35.609743] cloud-init[647]: |   . Eoo. o.     |
[[0;32m  OK  [0m[   35.709257] cloud-init[647]: |   .*OBo.  .     |
[   35.709496] cloud-init[647]: +----[SHA256]-----+
[   35.709840] cloud-init[647]: Generating public/private ecdsa key pair.
[   35.710192] cloud-init[647]: Your identification has been saved in /etc/ssh/ssh_host_ecdsa_key.
[   35.710731] cloud-init[647]: Your public key has been saved in /etc/ssh/ssh_host_ecdsa_key.pub.
[   35.711245] cloud-init[647]: The key fingerprint is:
[   35.711758] cloud-init[647]: SHA256:99bCgcda4s14RRV1mQ9hlKrhPZccKZmpwKgXIy8pemE root@ubuntu-bionic
] Listening on ACPID Listen Socket.
[   35.711924] cloud-init[647]: The key's randomart image is:
[[0;32m  OK  [0m[   35.744831] cloud-init[647]: +---[ECDSA 256]---+
[   35.745219] cloud-init[647]: |             .++O|
] Listening on D-Bus System Message Bus Socket.
[   35.745714] cloud-init[647]: |             .o+.|
[[0;32m  OK  [0m[   35.824454] cloud-init[647]: |       o     =.o.|
[   35.824951] cloud-init[647]: |    . + o .o*.o .|
] Started Discard unused blocks once a week.
[   35.825586] cloud-init[647]: |     = oSo+==o.o |
[[0;32m  OK  [0m[   35.865386] cloud-init[647]: |  E + o  o+@o++  |
[   35.865682] cloud-init[647]: | o o o    + Oo.  |
[   35.866013] cloud-init[647]: |. .        o .   |
[   35.866296] cloud-init[647]: | .               |
] Reached target Timers.
[   35.866501] cloud-init[647]: +----[SHA256]-----+
[[0;32m  OK  [0m] Reached target Network is Online.
[   35.869685] cloud-init[647]: Generating public/private ed25519 key pair.
[   35.899443] cloud-init[647]: Your identification has been saved in /etc/ssh/ssh_host_ed25519_key.
[   35.928715] cloud-init[647]: Your public key has been saved in /etc/ssh/ssh_host_ed25519_key.pub.
         Starting Availability of block devices...
[   35.938925] cloud-init[647]: The key fingerprint is:
[[0;32m  OK  [0m[   35.957046] cloud-init[647]: SHA256:xWSKy1TUfi8VIRyXW4fU6pU1yp7Lyl6yYMlk4/Cu1zQ root@ubuntu-bionic
[   35.957407] cloud-init[647]: The key's randomart image is:
] Reached target Remote File Systems (Pre).
[   35.957598] [[0;32m  OK  [0m] Reached target Remote File Systems.
[[0;32m  OK  [0m] Reached target Cloud-config availability.
cloud-init[647]: +--[ED25519 256]--+
[[0;32m  OK  [0m] Listening on Socket activation for snappy daemon.
[[0;32m  OK  [0m] Listening on LXD - unix socket.
[   35.993325] [[0;32m  OK  [0m] Reached target Sockets.
[[0;32m  OK  [0m] Reached target Basic System.
cloud-init[647]: |       .o.o.oo+= |
[   35.996093]          Starting Permit User Sessions...
cloud-init[647]: |       o =. .o+.=|
[   35.997649] cloud-init[647]: |      o ..o . .==|
[   36.000236] cloud-init[647]: |     o . .. .o+..|
[   36.002407] cloud-init[647]: |      o.S+ ..+.. |
         [   36.036563] Starting Virtualbox guest utils...cloud-init
[647]: |        B oE.oo  |
[[   36.041851] cloud-init[647]: |         Bo.oo.  |
[   36.042079] cloud-init[647]: |        o.o.+o   |
[0;32m  OK  [0m] Started Deferred execution scheduler.
[   36.043465] cloud-init[647]: |       .o..=.    |
[[0;32m  OK  [0m[   36.102795] cloud-init[647]: +----[SHA256]-----+
] Started FUSE filesystem for LXC.
         Starting Accounts Service...
[[0;32m  OK  [0m] Started D-Bus System Message Bus.
         Starting LSB: Record successful boot for GRUB...
         Starting LXD - container startup/shutdown...
         Starting Pollinate to seed the pseudo random number generator...
         Starting Login Service...
         Starting LSB: automatic crash report generation...
[[0;32m  OK  [0m] Started Regular background program processing daemon.
         Starting Dispatcher daemon for systemd-networkd...
[[0;32m  OK  [0m] Started irqbalance daemon.
         Starting System Logging Service...
         Starting Snappy daemon...
[[0;32m  OK  [0m] Started Availability of block devices.
[[0;32m  OK  [0m] Started Permit User Sessions.
[[0;32m  OK  [0m] Started Login Service.
[[0;32m  OK  [0m] Started Unattended Upgrades Shutdown.
         Starting Authorization Manager...
         Starting Terminate Plymouth Boot Screen...
         Starting Hold until boot process finishes up...
[[0;32m  OK  [0m] Started Terminate Plymouth Boot Screen.
[[0;32m  OK  [0m] Started Hold until boot process finishes up.
         Starting Set console scheme...
[[0;32m  OK  [0m] Started Serial Getty on ttyS0.
[[0;32m  OK  [0m] Started Set console scheme.
[[0;32m  OK  [0m] Created slice system-getty.slice.
[[0;32m  OK  [0m] Started Getty on tty1.
[[0;32m  OK  [0m] Reached target Login Prompts.
[[0;32m  OK  [0m] Started LSB: automatic crash report generation.
[[0;32m  OK  [0m] Started LSB: Record successful boot for GRUB.
[[0;32m  OK  [0m] Started System Logging Service.
[[0;32m  OK  [0m] Started Authorization Manager.
[[0;32m  OK  [0m] Started Accounts Service.
[[0;32m  OK  [0m] Started Virtualbox guest utils.
[[0;32m  OK  [0m] Started Dispatcher daemon for systemd-networkd.

Ubuntu 18.04.2 LTS ubuntu-bionic ttyS0

ubuntu-bionic login: [   53.243036] cloud-init[1382]: Cloud-init v. 19.1-1-gbaa47854-0ubuntu1~18.04.1 running 'modules:config' at Wed, 20 Nov 2019 17:44:56 +0000. Up 49.27 seconds.
ci-info: no authorized ssh keys fingerprints found for user ubuntu.
<14>Nov 20 17:45:01 ec2: 
<14>Nov 20 17:45:01 ec2: #############################################################
<14>Nov 20 17:45:01 ec2: -----BEGIN SSH HOST KEY FINGERPRINTS-----
<14>Nov 20 17:45:01 ec2: 1024 SHA256:6RS7ePXC1JXNS3S2fBcrZOIqTjBfs/IPuKPeOrK/njM root@ubuntu-bionic (DSA)
<14>Nov 20 17:45:01 ec2: 256 SHA256:99bCgcda4s14RRV1mQ9hlKrhPZccKZmpwKgXIy8pemE root@ubuntu-bionic (ECDSA)
<14>Nov 20 17:45:01 ec2: 256 SHA256:xWSKy1TUfi8VIRyXW4fU6pU1yp7Lyl6yYMlk4/Cu1zQ root@ubuntu-bionic (ED25519)
<14>Nov 20 17:45:01 ec2: 2048 SHA256:hbtBj2lNQNZS5CRBLXZtFXzcG3iuL+Z7AOITrwMPEEU root@ubuntu-bionic (RSA)
<14>Nov 20 17:45:01 ec2: -----END SSH HOST KEY FINGERPRINTS-----
<14>Nov 20 17:45:01 ec2: #############################################################
-----BEGIN SSH HOST KEY KEYS-----
ecdsa-sha2-nistp256 AAAAE2VjZHNhLXNoYTItbmlzdHAyNTYAAAAIbmlzdHAyNTYAAABBBGAi7/ge9Tc/RNitoWZQa4k9qI3C0L8/daOwhMzCbGse9iUlScjN/Zy5KCOjwN0jK/J01xrdTVJ2kkpfCx1NT/8= root@ubuntu-bionic
ssh-ed25519 AAAAC3NzaC1lZDI1NTE5AAAAIPFUgP0TEhq0xs9yMeCyulZokPU1nzYJADJYDPbvutxV root@ubuntu-bionic
ssh-rsa AAAAB3NzaC1yc2EAAAADAQABAAABAQDfP/Wd/Bzco8+Uxj7+/e3GkfrWf3GoTKR2CXrOgo9f/5zypkxAMIssKrB0MCHESpyJYfHcAdKwFq9aQJoEdYls5tozS7iZAHu0Fzw+CdJ5ofRdHiNeChc3KMRL/TT65G4hx7CVLf11TTWRaOr5tp4o9dzJjVpKGIttzioBtR1I/U2fk1BE5eEPR4T23qBL01p+fCKjk6tDM6Z6jUJFpx8YzIdxaMpidsj9O4CedQLi0QR+k86dweNuqqDxKom/vQPy1liQd0qlCKKcPrGRvj0Xj6UvTDP1yS3oI2cYPnAJIiYnmKJE47MEqD1R1ifnd1uLVhG8Zgdt4aVLtXnodGoJ root@ubuntu-bionic
-----END SSH HOST KEY KEYS-----
[   54.175643] cloud-init[1615]: Cloud-init v. 19.1-1-gbaa47854-0ubuntu1~18.04.1 running 'modules:final' at Wed, 20 Nov 2019 17:45:00 +0000. Up 53.89 seconds.
[   54.177259] cloud-init[1615]: ci-info: no authorized ssh keys fingerprints found for user ubuntu.
[   54.177661] cloud-init[1615]: Cloud-init v. 19.1-1-gbaa47854-0ubuntu1~18.04.1 finished at Wed, 20 Nov 2019 17:45:01 +0000. Datasource DataSourceNoCloud [seed=/dev/sdb][dsmode=net].  Up 54.16 seconds
